build/android-build/android-build/build/outputs/logs/manifest-merger-debug-report.txt
-- Merging decision tree log ---
manifest
ADDED from android-build/android-build/AndroidManifest.xml:2:1-52:12
	package
		ADDED from android-build/android-build/AndroidManifest.xml:2:11-55
	android:versionName
		ADDED from android-build/android-build/AndroidManifest.xml:2:115-140
		INJECTED from android-build/android-build/AndroidManifest.xml
		INJECTED from android-build/android-build/AndroidManifest.xml
	android:versionCode
		ADDED from android-build/android-build/AndroidManifest.xml:2:141-164
		INJECTED from android-build/android-build/AndroidManifest.xml
		INJECTED from android-build/android-build/AndroidManifest.xml
	xmlns:android
		ADDED from android-build/android-build/AndroidManifest.xml:2:56-114
	android:installLocation
		ADDED from android-build/android-build/AndroidManifest.xml:2:165-195
application
ADDED from android-build/android-build/AndroidManifest.xml:3:5-35:19
	android:label
		ADDED from android-build/android-build/AndroidManifest.xml:3:112-144
	android:icon
		ADDED from android-build/android-build/AndroidManifest.xml:3:18-47
	android:name
		ADDED from android-build/android-build/AndroidManifest.xml:3:48-111
activity#org.qtproject.example.notification.NotificationClient
ADDED from android-build/android-build/AndroidManifest.xml:4:9-34:20
	android:screenOrientation
		ADDED from android-build/android-build/AndroidManifest.xml:4:252-288
	android:label
		ADDED from android-build/android-build/AndroidManifest.xml:4:226-251
	android:configChanges
		ADDED from android-build/android-build/AndroidManifest.xml:4:19-156
	android:name
		ADDED from android-build/android-build/AndroidManifest.xml:4:157-225
intent-filter#android.intent.action.MAIN+android.intent.category.LAUNCHER
ADDED from android-build/android-build/AndroidManifest.xml:5:13-8:29
action#android.intent.action.MAIN
ADDED from android-build/android-build/AndroidManifest.xml:6:17-68
	android:name
		ADDED from android-build/android-build/AndroidManifest.xml:6:25-66
category#android.intent.category.LAUNCHER
ADDED from android-build/android-build/AndroidManifest.xml:7:17-76
	android:name
		ADDED from android-build/android-build/AndroidManifest.xml:7:27-74
meta-data#android.app.lib_name
ADDED from android-build/android-build/AndroidManifest.xml:9:13-94
	android:value
		ADDED from android-build/android-build/AndroidManifest.xml:9:60-92
	android:name
		ADDED from android-build/android-build/AndroidManifest.xml:9:24-59
meta-data#android.app.qt_sources_resource_id
ADDED from android-build/android-build/AndroidManifest.xml:10:13-112
	android:resource
		ADDED from android-build/android-build/AndroidManifest.xml:10:74-110
	android:name
		ADDED from android-build/android-build/AndroidManifest.xml:10:24-73
meta-data#android.app.repository
ADDED from android-build/android-build/AndroidManifest.xml:11:13-87
	android:value
		ADDED from android-build/android-build/AndroidManifest.xml:11:62-85
	android:name
		ADDED from android-build/android-build/AndroidManifest.xml:11:24-61
meta-data#android.app.qt_libs_resource_id
ADDED from android-build/android-build/AndroidManifest.xml:12:13-106
	android:resource
		ADDED from android-build/android-build/AndroidManifest.xml:12:71-104
	android:name
		ADDED from android-build/android-build/AndroidManifest.xml:12:24-70
meta-data#android.app.bundled_libs_resource_id
ADDED from android-build/android-build/AndroidManifest.xml:13:13-116
	android:resource
		ADDED from android-build/android-build/AndroidManifest.xml:13:76-114
	android:name
		ADDED from android-build/android-build/AndroidManifest.xml:13:24-75
meta-data#android.app.bundle_local_qt_libs
ADDED from android-build/android-build/AndroidManifest.xml:15:13-91
	android:value
		ADDED from android-build/android-build/AndroidManifest.xml:15:72-89
	android:name
		ADDED from android-build/android-build/AndroidManifest.xml:15:24-71
meta-data#android.app.bundled_in_lib_resource_id
ADDED from android-build/android-build/AndroidManifest.xml:16:13-120
	android:resource
		ADDED from android-build/android-build/AndroidManifest.xml:16:78-118
	android:name
		ADDED from android-build/android-build/AndroidManifest.xml:16:24-77
meta-data#android.app.bundled_in_assets_resource_id
ADDED from android-build/android-build/AndroidManifest.xml:17:13-126
	android:resource
		ADDED from android-build/android-build/AndroidManifest.xml:17:81-124
	android:name
		ADDED from android-build/android-build/AndroidManifest.xml:17:24-80
meta-data#android.app.use_local_qt_libs
ADDED from android-build/android-build/AndroidManifest.xml:19:13-88
	android:value
		ADDED from android-build/android-build/AndroidManifest.xml:19:69-86
	android:name
		ADDED from android-build/android-build/AndroidManifest.xml:19:24-68
meta-data#android.app.libs_prefix
ADDED from android-build/android-build/AndroidManifest.xml:20:13-100
	android:value
		ADDED from android-build/android-build/AndroidManifest.xml:20:63-98
	android:name
		ADDED from android-build/android-build/AndroidManifest.xml:20:24-62
meta-data#android.app.load_local_libs
ADDED from android-build/android-build/AndroidManifest.xml:21:13-345
	android:value
		ADDED from android-build/android-build/AndroidManifest.xml:21:67-343
	android:name
		ADDED from android-build/android-build/AndroidManifest.xml:21:24-66
meta-data#android.app.load_local_jars
ADDED from android-build/android-build/AndroidManifest.xml:22:13-218
	android:value
		ADDED from android-build/android-build/AndroidManifest.xml:22:67-216
	android:name
		ADDED from android-build/android-build/AndroidManifest.xml:22:24-66
meta-data#android.app.static_init_classes
ADDED from android-build/android-build/AndroidManifest.xml:23:13-195
	android:value
		ADDED from android-build/android-build/AndroidManifest.xml:23:71-193
	android:name
		ADDED from android-build/android-build/AndroidManifest.xml:23:24-70
meta-data#android.app.ministro_not_found_msg
ADDED from android-build/android-build/AndroidManifest.xml:25:13-122
	android:value
		ADDED from android-build/android-build/AndroidManifest.xml:25:24-70
	android:name
		ADDED from android-build/android-build/AndroidManifest.xml:25:71-120
meta-data#android.app.ministro_needed_msg
ADDED from android-build/android-build/AndroidManifest.xml:26:13-116
	android:value
		ADDED from android-build/android-build/AndroidManifest.xml:26:24-67
	android:name
		ADDED from android-build/android-build/AndroidManifest.xml:26:68-114
meta-data#android.app.fatal_error_msg
ADDED from android-build/android-build/AndroidManifest.xml:27:13-108
	android:value
		ADDED from android-build/android-build/AndroidManifest.xml:27:24-63
	android:name
		ADDED from android-build/android-build/AndroidManifest.xml:27:64-106
uses-sdk
ADDED from android-build/android-build/AndroidManifest.xml:36:5-43
	android:minSdkVersion
		ADDED from android-build/android-build/AndroidManifest.xml:36:15-41
supports-screens
ADDED from android-build/android-build/AndroidManifest.xml:37:5-135
	android:largeScreens
		ADDED from android-build/android-build/AndroidManifest.xml:37:23-50
	android:smallScreens
		ADDED from android-build/android-build/AndroidManifest.xml:37:106-133
	android:normalScreens
		ADDED from android-build/android-build/AndroidManifest.xml:37:51-79
	android:anyDensity
		ADDED from android-build/android-build/AndroidManifest.xml:37:80-105
uses-permission#android.permission.INTERNET
ADDED from android-build/android-build/AndroidManifest.xml:38:9-71
	android:name
		ADDED from android-build/android-build/AndroidManifest.xml:38:26-68
uses-permission#android.permission.WRITE_EXTERNAL_STORAGE
ADDED from android-build/android-build/AndroidManifest.xml:39:5-81
	android:name
		ADDED from android-build/android-build/AndroidManifest.xml:39:22-78
uses-permission#android.permission.ACCESS_NETWORK_STATE
ADDED from android-build/android-build/AndroidManifest.xml:40:5-79
	android:name
		ADDED from android-build/android-build/AndroidManifest.xml:40:22-76
uses-permission#android.permission.CAMERA
ADDED from android-build/android-build/AndroidManifest.xml:41:5-65
	android:name
		ADDED from android-build/android-build/AndroidManifest.xml:41:22-62
uses-permission#android.permission.RECORD_AUDIO
ADDED from android-build/android-build/AndroidManifest.xml:42:5-71
	android:name
		ADDED from android-build/android-build/AndroidManifest.xml:42:22-68
uses-permission#android.permission.ACCESS_FINE_LOCATION
ADDED from android-build/android-build/AndroidManifest.xml:43:5-79
	android:name
		ADDED from android-build/android-build/AndroidManifest.xml:43:22-76
uses-feature#android.hardware.camera
ADDED from android-build/android-build/AndroidManifest.xml:47:9-89
	android:required
		ADDED from android-build/android-build/AndroidManifest.xml:47:62-86
	android:name
		ADDED from android-build/android-build/AndroidManifest.xml:47:23-61
uses-feature#android.hardware.camera.autofocus
ADDED from android-build/android-build/AndroidManifest.xml:48:5-95
	android:required
		ADDED from android-build/android-build/AndroidManifest.xml:48:68-92
	android:name
		ADDED from android-build/android-build/AndroidManifest.xml:48:19-67
uses-feature#android.hardware.microphone
ADDED from android-build/android-build/AndroidManifest.xml:49:5-89
	android:required
		ADDED from android-build/android-build/AndroidManifest.xml:49:62-86
	android:name
		ADDED from android-build/android-build/AndroidManifest.xml:49:19-61
uses-feature#android.hardware.gamepad
ADDED from android-build/android-build/AndroidManifest.xml:50:5-86
	android:required
		ADDED from android-build/android-build/AndroidManifest.xml:50:59-83
	android:name
		ADDED from android-build/android-build/AndroidManifest.xml:50:19-58
uses-feature#0x00020000
ADDED from android-build/android-build/AndroidManifest.xml:51:5-78
	android:glEsVersion
		ADDED from android-build/android-build/AndroidManifest.xml:51:19-51
	android:required
		ADDED from android-build/android-build/AndroidManifest.xml:51:52-75